<?xml version="1.0" encoding="UTF-8"?>
<testng-results skipped="0" failed="0" ignored="0" total="1" passed="1">
  <reporter-output>
  </reporter-output>
  <suite name="Suite" duration-ms="7805" started-at="2020-06-05T00:22:56 CDT" finished-at="2020-06-05T00:23:03 CDT">
    <groups>
    </groups>
    <test name="Test" duration-ms="7805" started-at="2020-06-05T00:22:56 CDT" finished-at="2020-06-05T00:23:03 CDT">
      <class name="childWindowHandle.NestedFrameAsignment">
        <test-method status="PASS" signature="asigngment()[pri:0, instance:childWindowHandle.NestedFrameAsignment@27fe3806]" name="asigngment" duration-ms="7747" started-at="2020-06-05T00:22:56 CDT" finished-at="2020-06-05T00:23:03 CDT">
          <reporter-output>
          </reporter-output>
        </test-method> <!-- asigngment -->
      </class> <!-- childWindowHandle.NestedFrameAsignment -->
    </test> <!-- Test -->
  </suite> <!-- Suite -->
</testng-results>
